2025-05-29 16:50:14,775 [INFO] ================================================================================
2025-05-29 16:50:14,788 [INFO] Fecha y hora: 2025-05-29 16:50:14
2025-05-29 16:50:14,788 [INFO] ================================================================================
2025-05-29 16:50:17,909 [INFO] ================================================================================
2025-05-29 16:50:17,914 [INFO] ------------------------------------------------------------
2025-05-29 16:50:17,918 [INFO] ================================================================================
2025-05-29 16:50:17,921 [INFO] Fecha y hora: 2025-05-29 16:50:17
2025-05-29 16:50:17,921 [INFO] ================================================================================
2025-05-29 16:50:17,929 [INFO]    Buscando en: data/0_raw
2025-05-29 16:50:18,000 [INFO]       1. Periodo(MMM DD, AAAA)
2025-05-29 16:50:18,000 [INFO]       2. Tasa de interés Cero Cupón, Títulos de Tesorería (TES), pesos - 1 año
2025-05-29 16:50:18,000 [INFO]       3. Tasa de interés Cero Cupón, Títulos de Tesorería (TES), pesos - 5 años
2025-05-29 16:50:18,000 [INFO]       4. Tasa de interés Cero Cupón, Títulos de Tesorería (TES), pesos - 10 años
2025-05-29 16:50:18,000 [INFO]       5. Tasa de interés Cero Cupón, Títulos de Tesorería (TES), UVR - 1 año
2025-05-29 16:50:18,000 [INFO]       6. Tasa de interés Cero Cupón, Títulos de Tesorería (TES), UVR - 5 años
2025-05-29 16:50:18,000 [INFO]       7. Tasa de interés Cero Cupón, Títulos de Tesorería (TES), UVR - 10 años
2025-05-29 16:50:23,272 [INFO] 
============================================================
2025-05-29 16:50:23,272 [INFO] ============================================================
2025-05-29 16:50:23,296 [INFO] ============================================================
2025-05-29 16:50:23,303 [INFO] ------------------------------------------------------------
