2025-05-27 12:28:08,744 [INFO] ================================================================================
2025-05-27 12:28:08,764 [INFO] Directorio de datos: data/0_raw
2025-05-27 12:28:08,765 [INFO] Fecha y hora: 2025-05-27 12:28:08
2025-05-27 12:28:08,765 [INFO] ================================================================================
2025-05-27 12:28:10,452 [WARNING] Error detectando archivo EOE data/0_raw\consumer_confidence\AAII_Investor_Sentiment.xls: Missing optional dependency 'xlrd'. Install xlrd >= 2.0.1 for xls Excel support Use pip or conda to install xlrd.
2025-05-27 12:28:10,482 [WARNING] Error detectando archivo EOE data/0_raw\consumer_confidence\sentiment.xlsx: Missing optional dependency 'xlrd'. Install xlrd >= 2.0.1 for xls Excel support Use pip or conda to install xlrd.
2025-05-27 12:28:11,768 [INFO]       Tipo: Confianza (IC)
2025-05-27 12:28:11,768 [INFO]       Columnas: 2 detectadas
2025-05-27 12:28:11,768 [INFO]         - 4.289: 4.289...
2025-05-27 12:28:11,768 [INFO]         - 3.036: 3.036...
2025-05-27 12:28:11,774 [INFO]       Tipo: Consumidor (ICC)
2025-05-27 12:28:11,774 [INFO]       Columnas: 3 detectadas
2025-05-27 12:28:11,774 [INFO]         - ÍndiceConfianza: Índice de Confianza del Consumidor (ICC)...
2025-05-27 12:28:11,776 [INFO]         - Expectativas: Índice de Expectativas de los Consumidores (IEC)...
2025-05-27 12:28:11,776 [INFO]         - ÍndiceCondiciones: Índice de Condiciones Económicas (ICE)...
2025-05-27 12:28:11,779 [INFO]       Tipo: Industrial (ICI)
2025-05-27 12:28:11,779 [INFO]       Columnas: 4 detectadas
2025-05-27 12:28:11,779 [INFO]         - ICI: Índice de Confianza Industrial (ICI)...
2025-05-27 12:28:11,779 [INFO]         - VolumenPedidos: Volumen actual de pedidos...
2025-05-27 12:28:11,784 [INFO]         - NivelExistencias: Nivel de existencias...
2025-05-27 12:28:11,784 [INFO]         - Expectativas: Expectativas de producción para el próximo trimest...
2025-05-27 12:28:11,789 [INFO]       Tipo: Comercial (ICCO)
2025-05-27 12:28:11,789 [INFO]       Columnas: 4 detectadas
2025-05-27 12:28:11,789 [INFO]         - ICCO: Índice de Confianza Comercial (ICCO)...
2025-05-27 12:28:11,791 [INFO]         - SituacionEconomica: Situación económica actual de la empresa o negocio...
2025-05-27 12:28:11,791 [INFO]         - NivelExistencias: Nivel de existencias...
2025-05-27 12:28:11,791 [INFO]         - SituacionEconomica: Expectativas de situación económica para el próxim...
2025-05-27 12:28:11,797 [INFO]       Tipo: Confianza (IC)
2025-05-27 12:28:11,797 [INFO]       Columnas: 4 detectadas
2025-05-27 12:28:11,797 [INFO]         - Índice: Índice...
2025-05-27 12:28:11,797 [INFO]         - Índice: Índice...
2025-05-27 12:28:11,797 [INFO]         - Índice: Índice...
2025-05-27 12:28:11,797 [INFO]         - Índice: Índice...
2025-05-27 12:28:11,804 [INFO]       Tipo: Confianza (IC)
2025-05-27 12:28:11,804 [INFO]       Columnas: 5 detectadas
2025-05-27 12:28:11,805 [INFO]         - Índice: Índice...
2025-05-27 12:28:11,805 [INFO]         - Índice: Índice...
2025-05-27 12:28:11,805 [INFO]         - Índice: Índice...
2025-05-27 12:28:11,806 [INFO]         - Índice: Índice...
2025-05-27 12:28:11,806 [INFO]         - Índice: Índice...
2025-05-27 12:28:16,998 [INFO] 
- EOC_Abril_2025_Histórico (1) (Consumidor - ICC):
2025-05-27 12:28:17,001 [INFO]     - ÍndiceConfianza: Índice de Confianza del Consumidor (ICC)...
2025-05-27 12:28:17,001 [INFO]     - Expectativas: Índice de Expectativas de los Consumidor...
2025-05-27 12:28:17,001 [INFO]     - ÍndiceCondiciones: Índice de Condiciones Económicas (ICE)...
2025-05-27 12:28:17,001 [INFO] 
- EOE_Marzo_2025_Histórico_ Industria (1) (Industrial - ICI):
2025-05-27 12:28:17,012 [INFO]     - ICI: Índice de Confianza Industrial (ICI)...
2025-05-27 12:28:17,012 [INFO]     - VolumenPedidos: Volumen actual de pedidos...
2025-05-27 12:28:17,012 [INFO]     - NivelExistencias: Nivel de existencias...
2025-05-27 12:28:17,012 [INFO]     - Expectativas: Expectativas de producción para el próxi...
2025-05-27 12:28:22,541 [INFO] - Tiempo: 13.77 segundos
2025-05-27 12:28:22,541 [INFO] - Archivos procesados: 2
2025-05-27 12:28:22,541 [INFO] - Columnas extraídas: 7
2025-05-27 12:28:22,541 [INFO] - Tipos detectados:
2025-05-27 12:28:22,541 [INFO]   • EOC_Abril_2025_Histórico (1): Consumidor (3 columnas)
2025-05-27 12:28:22,541 [INFO]   • EOE_Marzo_2025_Histórico_ Industria (1): Industrial (4 columnas)
2025-05-27 12:28:22,541 [INFO] - Archivo de salida: datos_eoe_multicolumn_procesados.xlsx
