2025-05-26 12:30:19,093 - INFO - === INICIANDO PROCESO DE COMBINACIÓN DE ARCHIVOS EXCEL ===
2025-05-26 12:30:19,103 - INFO - Se encontraron 6 archivos Excel en la carpeta.
2025-05-26 12:30:19,103 - INFO - Cargando archivo: datos_banco_republica_procesados.xlsx
2025-05-26 12:30:22,690 - INFO - Archivo datos_banco_republica_procesados.xlsx cargado en 3.59s con 23850 filas.
2025-05-26 12:30:22,690 - INFO - Archivo datos_banco_republica_procesados.xlsx cargado correctamente con 23850 filas
2025-05-26 12:30:22,734 - INFO - Después de filtrar por fecha: 4135 filas
2025-05-26 12:30:22,734 - INFO - Cargando archivo: datos_dane_exportaciones_procesadas.xlsx
2025-05-26 12:30:23,362 - INFO - Archivo datos_dane_exportaciones_procesadas.xlsx cargado en 0.63s con 12114 filas.
2025-05-26 12:30:23,362 - INFO - Archivo datos_dane_exportaciones_procesadas.xlsx cargado correctamente con 12114 filas
2025-05-26 12:30:23,379 - WARNING - No se encontró data para la fecha base 2025-03-26 en este archivo.
2025-05-26 12:30:23,379 - INFO - Después de filtrar por fecha: 4078 filas
2025-05-26 12:30:23,379 - INFO - Cargando archivo: datos_economicos_normales_procesados.xlsx
2025-05-26 12:30:26,071 - INFO - Archivo datos_economicos_normales_procesados.xlsx cargado en 2.70s con 4157 filas.
2025-05-26 12:30:26,071 - INFO - Archivo datos_economicos_normales_procesados.xlsx cargado correctamente con 4157 filas
2025-05-26 12:30:26,088 - INFO - Después de filtrar por fecha: 4135 filas
2025-05-26 12:30:26,088 - INFO - Cargando archivo: datos_economicos_other_procesados.xlsx
2025-05-26 12:30:26,682 - INFO - Archivo datos_economicos_other_procesados.xlsx cargado en 0.60s con 8675 filas.
2025-05-26 12:30:26,687 - INFO - Archivo datos_economicos_other_procesados.xlsx cargado correctamente con 8675 filas
2025-05-26 12:30:26,696 - INFO - Después de filtrar por fecha: 4135 filas
2025-05-26 12:30:26,697 - INFO - Cargando archivo: datos_economicos_procesados_cp.xlsx
2025-05-26 12:30:27,647 - INFO - Archivo datos_economicos_procesados_cp.xlsx cargado en 0.95s con 4214 filas.
2025-05-26 12:30:27,647 - INFO - Archivo datos_economicos_procesados_cp.xlsx cargado correctamente con 4214 filas
2025-05-26 12:30:27,658 - INFO - Después de filtrar por fecha: 4135 filas
2025-05-26 12:30:27,658 - INFO - Cargando archivo: datos_economicos_procesados_Fred.xlsx
2025-05-26 12:30:29,262 - INFO - Archivo datos_economicos_procesados_Fred.xlsx cargado en 1.60s con 4153 filas.
2025-05-26 12:30:29,262 - INFO - Archivo datos_economicos_procesados_Fred.xlsx cargado correctamente con 4153 filas
2025-05-26 12:30:29,275 - INFO - Después de filtrar por fecha: 4135 filas
2025-05-26 12:30:29,276 - INFO - Combinando DataFrame 1 con el resultado (4135 filas + 4078 filas)...
2025-05-26 12:30:29,285 - INFO - Combinando DataFrame 2 con el resultado (4135 filas + 4135 filas)...
2025-05-26 12:30:29,297 - INFO - Combinando DataFrame 3 con el resultado (4135 filas + 4135 filas)...
2025-05-26 12:30:29,304 - INFO - Combinando DataFrame 4 con el resultado (4135 filas + 4135 filas)...
2025-05-26 12:30:29,311 - INFO - Combinando DataFrame 5 con el resultado (4135 filas + 4135 filas)...
2025-05-26 12:30:29,320 - INFO - Merge completado en 0.04s: 4135 filas, 114 columnas.
2025-05-26 12:30:29,383 - INFO - Se aplicó forward fill para asegurar todas las fechas desde 2014-01-01 hasta 2025-04-27
2025-05-26 12:30:29,386 - INFO - Combinación exitosa. Resultado tiene 4135 filas y 114 columnas
2025-05-26 12:30:29,522 - ERROR - Error al guardar el archivo combinado: [Errno 13] Permission denied: 'C:\\Users\\saule\\Desktop\\Pipeline\\UltimoHadidMayo\\SP500_INDEX_Analisis\\data\\1_preprocess\\MERGEDEXCELS.xlsx'
