2025-06-05 13:22:28,314 - INFO - === INICIANDO PROCESO DE COMBINACIÓN DE ARCHIVOS EXCEL ===
2025-06-05 13:22:28,331 - INFO - Se encontraron 6 archivos Excel en la carpeta.
2025-06-05 13:22:28,332 - INFO - Cargando archivo: datos_banco_republica_procesados.xlsx
2025-06-05 13:22:33,638 - INFO - Archivo datos_banco_republica_procesados.xlsx cargado en 5.31s con 23850 filas.
2025-06-05 13:22:33,639 - INFO - Archivo datos_banco_republica_procesados.xlsx cargado correctamente con 23850 filas
2025-06-05 13:22:33,687 - INFO - Después de filtrar por fecha: 4156 filas
2025-06-05 13:22:33,689 - INFO - Cargando archivo: datos_dane_exportaciones_procesadas.xlsx
2025-06-05 13:22:34,774 - INFO - Archivo datos_dane_exportaciones_procesadas.xlsx cargado en 1.08s con 12114 filas.
2025-06-05 13:22:34,775 - INFO - Archivo datos_dane_exportaciones_procesadas.xlsx cargado correctamente con 12114 filas
2025-06-05 13:22:34,792 - WARNING - No se encontró data para la fecha base 2025-03-26 en este archivo.
2025-06-05 13:22:34,792 - INFO - Después de filtrar por fecha: 4078 filas
2025-06-05 13:22:34,792 - INFO - Cargando archivo: datos_economicos_normales_procesados.xlsx
2025-06-05 13:22:38,577 - INFO - Archivo datos_economicos_normales_procesados.xlsx cargado en 3.78s con 4174 filas.
2025-06-05 13:22:38,577 - INFO - Archivo datos_economicos_normales_procesados.xlsx cargado correctamente con 4174 filas
2025-06-05 13:22:38,591 - INFO - Después de filtrar por fecha: 4169 filas
2025-06-05 13:22:38,591 - INFO - Cargando archivo: datos_economicos_other_procesados.xlsx
2025-06-05 13:22:41,822 - INFO - Archivo datos_economicos_other_procesados.xlsx cargado en 3.23s con 8706 filas.
2025-06-05 13:22:41,823 - INFO - Archivo datos_economicos_other_procesados.xlsx cargado correctamente con 8706 filas
2025-06-05 13:22:41,834 - INFO - Después de filtrar por fecha: 4169 filas
2025-06-05 13:22:41,834 - INFO - Cargando archivo: datos_economicos_procesados_cp.xlsx
2025-06-05 13:22:43,840 - INFO - Archivo datos_economicos_procesados_cp.xlsx cargado en 2.01s con 4172 filas.
2025-06-05 13:22:43,841 - INFO - Archivo datos_economicos_procesados_cp.xlsx cargado correctamente con 4172 filas
2025-06-05 13:22:43,855 - INFO - Después de filtrar por fecha: 4168 filas
2025-06-05 13:22:43,856 - INFO - Cargando archivo: datos_economicos_procesados_Fred.xlsx
2025-06-05 13:22:47,155 - INFO - Archivo datos_economicos_procesados_Fred.xlsx cargado en 3.30s con 4174 filas.
2025-06-05 13:22:47,157 - INFO - Archivo datos_economicos_procesados_Fred.xlsx cargado correctamente con 4174 filas
2025-06-05 13:22:47,173 - INFO - Después de filtrar por fecha: 4169 filas
2025-06-05 13:22:47,176 - INFO - Combinando DataFrame 1 con el resultado (4156 filas + 4078 filas)...
2025-06-05 13:22:47,195 - INFO - Combinando DataFrame 2 con el resultado (4156 filas + 4169 filas)...
2025-06-05 13:22:47,213 - INFO - Combinando DataFrame 3 con el resultado (4169 filas + 4169 filas)...
2025-06-05 13:22:47,228 - INFO - Combinando DataFrame 4 con el resultado (4169 filas + 4168 filas)...
2025-06-05 13:22:47,245 - INFO - Combinando DataFrame 5 con el resultado (4169 filas + 4169 filas)...
2025-06-05 13:22:47,273 - INFO - Merge completado en 0.10s: 4169 filas, 130 columnas.
2025-06-05 13:22:47,292 - INFO - Combinación exitosa. Resultado tiene 4169 filas y 130 columnas
2025-06-05 13:22:47,381 - INFO - Forward fill aplicado y fechas normalizadas desde 2014-01-01 hasta 2025-05-31
2025-06-05 13:22:47,383 - INFO - Combinación exitosa. Resultado tiene 4169 filas y 130 columnas
2025-06-05 13:23:06,100 - INFO - Archivo combinado guardado como: C:\Users\saule\Desktop\Pipeline\UltimoHadidMayo\SP500_INDEX_Analisis\data\1_preprocess\MERGEDEXCELS.xlsx en 18.72s
2025-06-05 13:23:06,109 - INFO - Proceso completo en 37.79s
