2025-05-26 12:30:48,609 - INFO - === INICIANDO PROCESO DE COMBINACIÓN DE ARCHIVOS EXCEL ===
2025-05-26 12:30:48,618 - INFO - Se encontraron 6 archivos Excel en la carpeta.
2025-05-26 12:30:48,618 - INFO - Cargando archivo: datos_banco_republica_procesados.xlsx
2025-05-26 12:30:50,950 - INFO - Archivo datos_banco_republica_procesados.xlsx cargado en 2.33s con 23850 filas.
2025-05-26 12:30:50,950 - INFO - Archivo datos_banco_republica_procesados.xlsx cargado correctamente con 23850 filas
2025-05-26 12:30:50,963 - INFO - Después de filtrar por fecha: 4135 filas
2025-05-26 12:30:50,965 - INFO - Cargando archivo: datos_dane_exportaciones_procesadas.xlsx
2025-05-26 12:30:51,430 - INFO - Archivo datos_dane_exportaciones_procesadas.xlsx cargado en 0.47s con 12114 filas.
2025-05-26 12:30:51,430 - INFO - Archivo datos_dane_exportaciones_procesadas.xlsx cargado correctamente con 12114 filas
2025-05-26 12:30:51,444 - WARNING - No se encontró data para la fecha base 2025-03-26 en este archivo.
2025-05-26 12:30:51,444 - INFO - Después de filtrar por fecha: 4078 filas
2025-05-26 12:30:51,446 - INFO - Cargando archivo: datos_economicos_normales_procesados.xlsx
2025-05-26 12:30:53,355 - INFO - Archivo datos_economicos_normales_procesados.xlsx cargado en 1.91s con 4157 filas.
2025-05-26 12:30:53,355 - INFO - Archivo datos_economicos_normales_procesados.xlsx cargado correctamente con 4157 filas
2025-05-26 12:30:53,364 - INFO - Después de filtrar por fecha: 4135 filas
2025-05-26 12:30:53,365 - INFO - Cargando archivo: datos_economicos_other_procesados.xlsx
2025-05-26 12:30:54,015 - INFO - Archivo datos_economicos_other_procesados.xlsx cargado en 0.65s con 8675 filas.
2025-05-26 12:30:54,015 - INFO - Archivo datos_economicos_other_procesados.xlsx cargado correctamente con 8675 filas
2025-05-26 12:30:54,026 - INFO - Después de filtrar por fecha: 4135 filas
2025-05-26 12:30:54,026 - INFO - Cargando archivo: datos_economicos_procesados_cp.xlsx
2025-05-26 12:30:55,381 - INFO - Archivo datos_economicos_procesados_cp.xlsx cargado en 1.35s con 4214 filas.
2025-05-26 12:30:55,381 - INFO - Archivo datos_economicos_procesados_cp.xlsx cargado correctamente con 4214 filas
2025-05-26 12:30:55,391 - INFO - Después de filtrar por fecha: 4135 filas
2025-05-26 12:30:55,392 - INFO - Cargando archivo: datos_economicos_procesados_Fred.xlsx
2025-05-26 12:30:57,418 - INFO - Archivo datos_economicos_procesados_Fred.xlsx cargado en 2.03s con 4153 filas.
2025-05-26 12:30:57,418 - INFO - Archivo datos_economicos_procesados_Fred.xlsx cargado correctamente con 4153 filas
2025-05-26 12:30:57,431 - INFO - Después de filtrar por fecha: 4135 filas
2025-05-26 12:30:57,431 - INFO - Combinando DataFrame 1 con el resultado (4135 filas + 4078 filas)...
2025-05-26 12:30:57,438 - INFO - Combinando DataFrame 2 con el resultado (4135 filas + 4135 filas)...
2025-05-26 12:30:57,444 - INFO - Combinando DataFrame 3 con el resultado (4135 filas + 4135 filas)...
2025-05-26 12:30:57,452 - INFO - Combinando DataFrame 4 con el resultado (4135 filas + 4135 filas)...
2025-05-26 12:30:57,464 - INFO - Combinando DataFrame 5 con el resultado (4135 filas + 4135 filas)...
2025-05-26 12:30:57,471 - INFO - Merge completado en 0.05s: 4135 filas, 114 columnas.
2025-05-26 12:30:57,536 - INFO - Se aplicó forward fill para asegurar todas las fechas desde 2014-01-01 hasta 2025-04-27
2025-05-26 12:30:57,536 - INFO - Combinación exitosa. Resultado tiene 4135 filas y 114 columnas
2025-05-26 12:31:11,536 - INFO - Archivo combinado guardado como: C:\Users\saule\Desktop\Pipeline\UltimoHadidMayo\SP500_INDEX_Analisis\data\1_preprocess\MERGEDEXCELS.xlsx en 13.99s
2025-05-26 12:31:11,553 - INFO - Proceso completo en 22.93s
