2025-05-26 12:26:13,472 - INFO - === INICIANDO PROCESO DE COMBINACIÓN DE ARCHIVOS EXCEL ===
2025-05-26 12:26:13,479 - INFO - Se encontraron 6 archivos Excel en la carpeta.
2025-05-26 12:26:13,479 - INFO - Cargando archivo: datos_banco_republica_procesados.xlsx
2025-05-26 12:26:16,724 - INFO - Archivo datos_banco_republica_procesados.xlsx cargado en 3.24s con 23850 filas.
2025-05-26 12:26:16,724 - INFO - Archivo datos_banco_republica_procesados.xlsx cargado correctamente con 23850 filas
2025-05-26 12:26:16,760 - INFO - Después de filtrar por fecha: 4135 filas
2025-05-26 12:26:16,760 - INFO - Cargando archivo: datos_dane_exportaciones_procesadas.xlsx
2025-05-26 12:26:17,451 - INFO - Archivo datos_dane_exportaciones_procesadas.xlsx cargado en 0.69s con 12114 filas.
2025-05-26 12:26:17,451 - INFO - Archivo datos_dane_exportaciones_procesadas.xlsx cargado correctamente con 12114 filas
2025-05-26 12:26:17,463 - WARNING - No se encontró data para la fecha base 2025-03-26 en este archivo.
2025-05-26 12:26:17,464 - INFO - Después de filtrar por fecha: 4078 filas
2025-05-26 12:26:17,464 - INFO - Cargando archivo: datos_economicos_normales_procesados.xlsx
2025-05-26 12:26:20,097 - INFO - Archivo datos_economicos_normales_procesados.xlsx cargado en 2.64s con 4157 filas.
2025-05-26 12:26:20,097 - INFO - Archivo datos_economicos_normales_procesados.xlsx cargado correctamente con 4157 filas
2025-05-26 12:26:20,111 - INFO - Después de filtrar por fecha: 4135 filas
2025-05-26 12:26:20,111 - INFO - Cargando archivo: datos_economicos_other_procesados.xlsx
2025-05-26 12:26:21,000 - INFO - Archivo datos_economicos_other_procesados.xlsx cargado en 0.89s con 8675 filas.
2025-05-26 12:26:21,003 - INFO - Archivo datos_economicos_other_procesados.xlsx cargado correctamente con 8675 filas
2025-05-26 12:26:21,011 - INFO - Después de filtrar por fecha: 4135 filas
2025-05-26 12:26:21,012 - INFO - Cargando archivo: datos_economicos_procesados_cp.xlsx
2025-05-26 12:26:22,487 - INFO - Archivo datos_economicos_procesados_cp.xlsx cargado en 1.48s con 4214 filas.
2025-05-26 12:26:22,487 - INFO - Archivo datos_economicos_procesados_cp.xlsx cargado correctamente con 4214 filas
2025-05-26 12:26:22,500 - INFO - Después de filtrar por fecha: 4135 filas
2025-05-26 12:26:22,501 - INFO - Cargando archivo: datos_economicos_procesados_Fred.xlsx
2025-05-26 12:26:24,550 - INFO - Archivo datos_economicos_procesados_Fred.xlsx cargado en 2.05s con 4153 filas.
2025-05-26 12:26:24,550 - INFO - Archivo datos_economicos_procesados_Fred.xlsx cargado correctamente con 4153 filas
2025-05-26 12:26:24,562 - INFO - Después de filtrar por fecha: 4135 filas
2025-05-26 12:26:24,563 - INFO - Combinando DataFrame 1 con el resultado (4135 filas + 4078 filas)...
2025-05-26 12:26:24,573 - INFO - Combinando DataFrame 2 con el resultado (4135 filas + 4135 filas)...
2025-05-26 12:26:24,579 - INFO - Combinando DataFrame 3 con el resultado (4135 filas + 4135 filas)...
2025-05-26 12:26:24,583 - INFO - Combinando DataFrame 4 con el resultado (4135 filas + 4135 filas)...
2025-05-26 12:26:24,592 - INFO - Combinando DataFrame 5 con el resultado (4135 filas + 4135 filas)...
2025-05-26 12:26:24,598 - INFO - Merge completado en 0.04s: 4135 filas, 114 columnas.
2025-05-26 12:26:24,610 - INFO - Combinación exitosa. Resultado tiene 4135 filas y 114 columnas
2025-05-26 12:26:36,608 - INFO - Archivo combinado guardado como: C:\Users\saule\Desktop\Pipeline\UltimoHadidMayo\SP500_INDEX_Analisis\data\1_preprocess\MERGEDEXCELS.xlsx en 12.00s
2025-05-26 12:26:36,613 - INFO - Proceso completo en 23.14s
