2025-05-22 20:59:44,487 - INFO - === INICIANDO PROCESO DE COMBINACIÓN DE ARCHIVOS EXCEL ===
2025-05-22 20:59:44,489 - INFO - Se encontraron 6 archivos Excel en la carpeta.
2025-05-22 20:59:44,489 - INFO - Cargando archivo: datos_banco_republica_procesados.xlsx
2025-05-22 20:59:45,234 - INFO - Archivo datos_banco_republica_procesados.xlsx cargado en 0.75s con 23850 filas.
2025-05-22 20:59:45,235 - INFO - Archivo datos_banco_republica_procesados.xlsx cargado correctamente con 23850 filas
2025-05-22 20:59:45,241 - INFO - Después de filtrar por fecha: 4135 filas
2025-05-22 20:59:45,244 - INFO - Cargando archivo: datos_comercio_exterior_procesados.xlsx
2025-05-22 20:59:45,293 - INFO - Archivo datos_comercio_exterior_procesados.xlsx cargado en 0.05s con 3829 filas.
2025-05-22 20:59:45,293 - INFO - Archivo datos_comercio_exterior_procesados.xlsx cargado correctamente con 3829 filas
2025-05-22 20:59:45,297 - WARNING - No se encontró data para la fecha base 2025-03-26 en este archivo.
2025-05-22 20:59:45,297 - INFO - Después de filtrar por fecha: 3829 filas
2025-05-22 20:59:45,297 - INFO - Cargando archivo: datos_economicos_normales_procesados.xlsx
2025-05-22 20:59:45,998 - INFO - Archivo datos_economicos_normales_procesados.xlsx cargado en 0.70s con 4157 filas.
2025-05-22 20:59:45,998 - INFO - Archivo datos_economicos_normales_procesados.xlsx cargado correctamente con 4157 filas
2025-05-22 20:59:46,003 - INFO - Después de filtrar por fecha: 4135 filas
2025-05-22 20:59:46,003 - INFO - Cargando archivo: datos_economicos_other_procesados.xlsx
2025-05-22 20:59:46,193 - INFO - Archivo datos_economicos_other_procesados.xlsx cargado en 0.19s con 8675 filas.
2025-05-22 20:59:46,193 - INFO - Archivo datos_economicos_other_procesados.xlsx cargado correctamente con 8675 filas
2025-05-22 20:59:46,196 - INFO - Después de filtrar por fecha: 4135 filas
2025-05-22 20:59:46,196 - INFO - Cargando archivo: datos_economicos_procesados_cp.xlsx
2025-05-22 20:59:46,520 - INFO - Archivo datos_economicos_procesados_cp.xlsx cargado en 0.32s con 4214 filas.
2025-05-22 20:59:46,521 - INFO - Archivo datos_economicos_procesados_cp.xlsx cargado correctamente con 4214 filas
2025-05-22 20:59:46,525 - INFO - Después de filtrar por fecha: 4135 filas
2025-05-22 20:59:46,525 - INFO - Cargando archivo: datos_economicos_procesados_Fred.xlsx
2025-05-22 20:59:47,060 - INFO - Archivo datos_economicos_procesados_Fred.xlsx cargado en 0.54s con 4153 filas.
2025-05-22 20:59:47,060 - INFO - Archivo datos_economicos_procesados_Fred.xlsx cargado correctamente con 4153 filas
2025-05-22 20:59:47,064 - INFO - Después de filtrar por fecha: 4135 filas
2025-05-22 20:59:47,064 - INFO - Combinando DataFrame 1 con el resultado (4135 filas + 3829 filas)...
2025-05-22 20:59:47,065 - INFO - Combinando DataFrame 2 con el resultado (4135 filas + 4135 filas)...
2025-05-22 20:59:47,068 - INFO - Combinando DataFrame 3 con el resultado (4135 filas + 4135 filas)...
2025-05-22 20:59:47,071 - INFO - Combinando DataFrame 4 con el resultado (4135 filas + 4135 filas)...
2025-05-22 20:59:47,074 - INFO - Combinando DataFrame 5 con el resultado (4135 filas + 4135 filas)...
2025-05-22 20:59:47,078 - INFO - Merge completado en 0.01s: 4135 filas, 113 columnas.
2025-05-22 20:59:47,085 - INFO - Combinación exitosa. Resultado tiene 4135 filas y 113 columnas
2025-05-22 20:59:50,325 - INFO - Archivo combinado guardado como: C:\Users\Home\Desktop\Clonea\clone4\SP500_INDEX_Analisis\data\1_preprocess\MERGEDEXCELS.xlsx en 3.24s
2025-05-22 20:59:50,327 - INFO - Proceso completo en 5.84s
