2025-05-26 12:24:46,678 - INFO - === INICIANDO PROCESO DE COMBINACIÓN DE ARCHIVOS EXCEL ===
2025-05-26 12:24:46,678 - INFO - Se encontraron 6 archivos Excel en la carpeta.
2025-05-26 12:24:46,678 - INFO - Cargando archivo: dane_exportaciones_procesadas.xlsx
2025-05-26 12:24:47,761 - INFO - Archivo dane_exportaciones_procesadas.xlsx cargado en 1.08s con 12114 filas.
2025-05-26 12:24:47,761 - INFO - Archivo dane_exportaciones_procesadas.xlsx cargado correctamente con 12114 filas
2025-05-26 12:24:47,781 - WARNING - No se encontró data para la fecha base 2025-03-26 en este archivo.
2025-05-26 12:24:47,782 - INFO - Después de filtrar por fecha: 4078 filas
2025-05-26 12:24:47,782 - INFO - Cargando archivo: datos_banco_republica_procesados.xlsx
2025-05-26 12:24:49,933 - INFO - Archivo datos_banco_republica_procesados.xlsx cargado en 2.15s con 23850 filas.
2025-05-26 12:24:49,933 - INFO - Archivo datos_banco_republica_procesados.xlsx cargado correctamente con 23850 filas
2025-05-26 12:24:49,943 - INFO - Después de filtrar por fecha: 4135 filas
2025-05-26 12:24:49,943 - INFO - Cargando archivo: datos_economicos_normales_procesados.xlsx
2025-05-26 12:24:52,406 - INFO - Archivo datos_economicos_normales_procesados.xlsx cargado en 2.46s con 4157 filas.
2025-05-26 12:24:52,406 - INFO - Archivo datos_economicos_normales_procesados.xlsx cargado correctamente con 4157 filas
2025-05-26 12:24:52,415 - INFO - Después de filtrar por fecha: 4135 filas
2025-05-26 12:24:52,415 - INFO - Cargando archivo: datos_economicos_other_procesados.xlsx
2025-05-26 12:24:53,163 - INFO - Archivo datos_economicos_other_procesados.xlsx cargado en 0.75s con 8675 filas.
2025-05-26 12:24:53,163 - INFO - Archivo datos_economicos_other_procesados.xlsx cargado correctamente con 8675 filas
2025-05-26 12:24:53,172 - INFO - Después de filtrar por fecha: 4135 filas
2025-05-26 12:24:53,173 - INFO - Cargando archivo: datos_economicos_procesados_cp.xlsx
2025-05-26 12:24:54,510 - INFO - Archivo datos_economicos_procesados_cp.xlsx cargado en 1.34s con 4214 filas.
2025-05-26 12:24:54,510 - INFO - Archivo datos_economicos_procesados_cp.xlsx cargado correctamente con 4214 filas
2025-05-26 12:24:54,520 - INFO - Después de filtrar por fecha: 4135 filas
2025-05-26 12:24:54,520 - INFO - Cargando archivo: datos_economicos_procesados_Fred.xlsx
2025-05-26 12:24:56,577 - INFO - Archivo datos_economicos_procesados_Fred.xlsx cargado en 2.06s con 4153 filas.
2025-05-26 12:24:56,577 - INFO - Archivo datos_economicos_procesados_Fred.xlsx cargado correctamente con 4153 filas
2025-05-26 12:24:56,586 - INFO - Después de filtrar por fecha: 4135 filas
2025-05-26 12:24:56,587 - INFO - Combinando DataFrame 1 con el resultado (4078 filas + 4135 filas)...
2025-05-26 12:24:56,596 - INFO - Combinando DataFrame 2 con el resultado (4135 filas + 4135 filas)...
2025-05-26 12:24:56,599 - INFO - Combinando DataFrame 3 con el resultado (4135 filas + 4135 filas)...
2025-05-26 12:24:56,610 - INFO - Combinando DataFrame 4 con el resultado (4135 filas + 4135 filas)...
2025-05-26 12:24:56,610 - INFO - Combinando DataFrame 5 con el resultado (4135 filas + 4135 filas)...
2025-05-26 12:24:56,630 - INFO - Merge completado en 0.04s: 4135 filas, 114 columnas.
2025-05-26 12:24:56,641 - INFO - Combinación exitosa. Resultado tiene 4135 filas y 114 columnas
2025-05-26 12:25:07,219 - INFO - Archivo combinado guardado como: C:\Users\saule\Desktop\Pipeline\UltimoHadidMayo\SP500_INDEX_Analisis\data\1_preprocess\MERGEDEXCELS.xlsx en 10.58s
2025-05-26 12:25:07,222 - INFO - Proceso completo en 20.54s
