2025-05-15 11:15:23,436 - INFO - === INICIANDO PROCESO DE COMBINACIÓN DE ARCHIVOS EXCEL ===
2025-05-15 11:15:23,448 - INFO - Se encontraron 4 archivos Excel en la carpeta.
2025-05-15 11:15:23,448 - INFO - Cargando archivo: datos_economicos_normales_procesados.xlsx
2025-05-15 11:15:26,888 - INFO - Archivo datos_economicos_normales_procesados.xlsx cargado en 3.44s con 4153 filas.
2025-05-15 11:15:26,888 - INFO - Archivo datos_economicos_normales_procesados.xlsx cargado correctamente con 4153 filas
2025-05-15 11:15:26,921 - INFO - Después de filtrar por fecha: 4073 filas
2025-05-15 11:15:26,922 - INFO - Cargando archivo: datos_economicos_other_procesados.xlsx
2025-05-15 11:15:27,802 - INFO - Archivo datos_economicos_other_procesados.xlsx cargado en 0.88s con 8675 filas.
2025-05-15 11:15:27,802 - INFO - Archivo datos_economicos_other_procesados.xlsx cargado correctamente con 8675 filas
2025-05-15 11:15:27,821 - INFO - Después de filtrar por fecha: 4073 filas
2025-05-15 11:15:27,822 - INFO - Cargando archivo: datos_economicos_procesados_cp.xlsx
2025-05-15 11:15:29,137 - INFO - Archivo datos_economicos_procesados_cp.xlsx cargado en 1.31s con 4203 filas.
2025-05-15 11:15:29,137 - INFO - Archivo datos_economicos_procesados_cp.xlsx cargado correctamente con 4203 filas
2025-05-15 11:15:29,152 - INFO - Después de filtrar por fecha: 4073 filas
2025-05-15 11:15:29,155 - INFO - Cargando archivo: datos_economicos_procesados_Fred.xlsx
2025-05-15 11:15:31,430 - INFO - Archivo datos_economicos_procesados_Fred.xlsx cargado en 2.28s con 4140 filas.
2025-05-15 11:15:31,436 - INFO - Archivo datos_economicos_procesados_Fred.xlsx cargado correctamente con 4140 filas
2025-05-15 11:15:31,452 - INFO - Después de filtrar por fecha: 4073 filas
2025-05-15 11:15:31,454 - INFO - Combinando DataFrame 1 con el resultado (4073 filas + 4073 filas)...
2025-05-15 11:15:31,467 - INFO - Combinando DataFrame 2 con el resultado (4073 filas + 4073 filas)...
2025-05-15 11:15:31,477 - INFO - Combinando DataFrame 3 con el resultado (4073 filas + 4073 filas)...
2025-05-15 11:15:31,495 - INFO - Merge completado en 0.05s: 4073 filas, 91 columnas.
2025-05-15 11:15:31,519 - INFO - Combinación exitosa. Resultado tiene 4073 filas y 91 columnas
2025-05-15 11:15:49,474 - INFO - Archivo combinado guardado como: C:\Users\saule\Desktop\Pipeline\Mayo3\SP500_INDEX_Analisis\data\1_preprocess\MERGEDEXCELS.xlsx en 17.95s
2025-05-15 11:15:49,479 - INFO - Proceso completo en 26.04s
