2025-05-05 11:26:16,026 - INFO - === INICIANDO PROCESO DE COMBINACIÓN DE ARCHIVOS EXCEL ===
2025-05-05 11:26:16,051 - INFO - Se encontraron 4 archivos Excel en la carpeta.
2025-05-05 11:26:16,052 - INFO - Cargando archivo: datos_economicos_normales_procesados.xlsx
2025-05-05 11:26:20,120 - INFO - Archivo datos_economicos_normales_procesados.xlsx cargado en 4.07s con 4140 filas.
2025-05-05 11:26:20,122 - INFO - Archivo datos_economicos_normales_procesados.xlsx cargado correctamente con 4140 filas
2025-05-05 11:26:20,283 - INFO - Después de filtrar por fecha: 4104 filas
2025-05-05 11:26:20,286 - INFO - Cargando archivo: datos_economicos_other_procesados.xlsx
2025-05-05 11:26:22,650 - INFO - Archivo datos_economicos_other_procesados.xlsx cargado en 2.36s con 8675 filas.
2025-05-05 11:26:22,652 - INFO - Archivo datos_economicos_other_procesados.xlsx cargado correctamente con 8675 filas
2025-05-05 11:26:22,662 - INFO - Después de filtrar por fecha: 4104 filas
2025-05-05 11:26:22,662 - INFO - Cargando archivo: datos_economicos_procesados_cp.xlsx
2025-05-05 11:26:24,784 - INFO - Archivo datos_economicos_procesados_cp.xlsx cargado en 2.12s con 4404 filas.
2025-05-05 11:26:24,785 - INFO - Archivo datos_economicos_procesados_cp.xlsx cargado correctamente con 4404 filas
2025-05-05 11:26:24,798 - INFO - Después de filtrar por fecha: 4104 filas
2025-05-05 11:26:24,798 - INFO - Cargando archivo: datos_economicos_procesados_Fred.xlsx
2025-05-05 11:26:27,999 - INFO - Archivo datos_economicos_procesados_Fred.xlsx cargado en 3.20s con 4140 filas.
2025-05-05 11:26:27,999 - INFO - Archivo datos_economicos_procesados_Fred.xlsx cargado correctamente con 4140 filas
2025-05-05 11:26:28,022 - INFO - Después de filtrar por fecha: 4104 filas
2025-05-05 11:26:28,022 - INFO - Combinando DataFrame 1 con el resultado (4104 filas + 4104 filas)...
2025-05-05 11:26:28,039 - INFO - Combinando DataFrame 2 con el resultado (4104 filas + 4104 filas)...
2025-05-05 11:26:28,052 - INFO - Combinando DataFrame 3 con el resultado (4104 filas + 4104 filas)...
2025-05-05 11:26:28,071 - INFO - Merge completado en 0.05s: 4104 filas, 97 columnas.
2025-05-05 11:26:28,090 - INFO - Combinación exitosa. Resultado tiene 4104 filas y 97 columnas
2025-05-05 11:26:28,111 - ERROR - Error al guardar el archivo combinado: [Errno 13] Permission denied: 'C:\\Users\\saule\\Desktop\\Pipeline\\Pipeline_Mayo\\SP500_INDEX_Analisis\\data\\1_preprocess\\MERGEDEXCELS.xlsx'
