2025-05-29 15:38:44,999 - INFO - === INICIANDO PROCESO DE COMBINACIÓN DE ARCHIVOS EXCEL ===
2025-05-29 15:38:45,005 - INFO - Se encontraron 8 archivos Excel en la carpeta.
2025-05-29 15:38:45,005 - INFO - Cargando archivo: datos_banco_republica_procesados.xlsx
2025-05-29 15:38:47,337 - INFO - Archivo datos_banco_republica_procesados.xlsx cargado en 2.33s con 23850 filas.
2025-05-29 15:38:47,337 - INFO - Archivo datos_banco_republica_procesados.xlsx cargado correctamente con 23850 filas
2025-05-29 15:38:47,358 - INFO - Después de filtrar por fecha: 4135 filas
2025-05-29 15:38:47,358 - INFO - Cargando archivo: datos_dane_exportaciones_procesadas.xlsx
2025-05-29 15:38:47,941 - INFO - Archivo datos_dane_exportaciones_procesadas.xlsx cargado en 0.58s con 12114 filas.
2025-05-29 15:38:47,941 - INFO - Archivo datos_dane_exportaciones_procesadas.xlsx cargado correctamente con 12114 filas
2025-05-29 15:38:47,953 - WARNING - No se encontró data para la fecha base 2025-03-26 en este archivo.
2025-05-29 15:38:47,954 - INFO - Después de filtrar por fecha: 4078 filas
2025-05-29 15:38:47,954 - INFO - Cargando archivo: datos_economicos_normales_procesados.xlsx
2025-05-29 15:38:50,435 - INFO - Archivo datos_economicos_normales_procesados.xlsx cargado en 2.48s con 4157 filas.
2025-05-29 15:38:50,435 - INFO - Archivo datos_economicos_normales_procesados.xlsx cargado correctamente con 4157 filas
2025-05-29 15:38:50,446 - INFO - Después de filtrar por fecha: 4135 filas
2025-05-29 15:38:50,446 - INFO - Cargando archivo: datos_economicos_other_procesados.xlsx
2025-05-29 15:38:51,836 - INFO - Archivo datos_economicos_other_procesados.xlsx cargado en 1.39s con 8698 filas.
2025-05-29 15:38:51,836 - INFO - Archivo datos_economicos_other_procesados.xlsx cargado correctamente con 8698 filas
2025-05-29 15:38:51,847 - INFO - Después de filtrar por fecha: 4135 filas
2025-05-29 15:38:51,848 - INFO - Cargando archivo: datos_economicos_procesados_cp.xlsx
2025-05-29 15:38:53,141 - INFO - Archivo datos_economicos_procesados_cp.xlsx cargado en 1.30s con 4214 filas.
2025-05-29 15:38:53,141 - INFO - Archivo datos_economicos_procesados_cp.xlsx cargado correctamente con 4214 filas
2025-05-29 15:38:53,182 - INFO - Después de filtrar por fecha: 4135 filas
2025-05-29 15:38:53,182 - INFO - Cargando archivo: datos_economicos_procesados_Fred.xlsx
2025-05-29 15:38:55,230 - INFO - Archivo datos_economicos_procesados_Fred.xlsx cargado en 2.05s con 4153 filas.
2025-05-29 15:38:55,235 - INFO - Archivo datos_economicos_procesados_Fred.xlsx cargado correctamente con 4153 filas
2025-05-29 15:38:55,245 - INFO - Después de filtrar por fecha: 4135 filas
2025-05-29 15:38:55,246 - INFO - Cargando archivo: ied_trimestral.xlsx
2025-05-29 15:38:55,580 - INFO - Archivo ied_trimestral.xlsx cargado en 0.34s con 6484 filas.
2025-05-29 15:38:55,580 - INFO - Archivo ied_trimestral.xlsx cargado correctamente con 6484 filas
2025-05-29 15:38:55,592 - WARNING - No se encontró data para la fecha base 2025-03-26 en este archivo.
2025-05-29 15:38:55,592 - INFO - Después de filtrar por fecha: 3927 filas
2025-05-29 15:38:55,592 - INFO - Cargando archivo: remesas_diarias.xlsx
2025-05-29 15:38:56,014 - INFO - Archivo remesas_diarias.xlsx cargado en 0.42s con 6057 filas.
2025-05-29 15:38:56,014 - INFO - Archivo remesas_diarias.xlsx cargado correctamente con 6057 filas
2025-05-29 15:38:56,025 - INFO - Después de filtrar por fecha: 4135 filas
2025-05-29 15:38:56,026 - INFO - Combinando DataFrame 1 con el resultado (4135 filas + 4078 filas)...
2025-05-29 15:38:56,031 - INFO - Combinando DataFrame 2 con el resultado (4135 filas + 4135 filas)...
2025-05-29 15:38:56,037 - INFO - Combinando DataFrame 3 con el resultado (4135 filas + 4135 filas)...
2025-05-29 15:38:56,042 - INFO - Combinando DataFrame 4 con el resultado (4135 filas + 4135 filas)...
2025-05-29 15:38:56,057 - INFO - Combinando DataFrame 5 con el resultado (4135 filas + 4135 filas)...
2025-05-29 15:38:56,067 - INFO - Combinando DataFrame 6 con el resultado (4135 filas + 3927 filas)...
2025-05-29 15:38:56,075 - INFO - Combinando DataFrame 7 con el resultado (4135 filas + 4135 filas)...
2025-05-29 15:38:56,090 - INFO - Merge completado en 0.06s: 4135 filas, 123 columnas.
2025-05-29 15:38:56,101 - INFO - Combinación exitosa. Resultado tiene 4135 filas y 123 columnas
2025-05-29 15:38:56,140 - INFO - Forward fill aplicado y fechas normalizadas desde 2014-01-01 hasta 2025-04-27
2025-05-29 15:38:56,140 - INFO - Combinación exitosa. Resultado tiene 4135 filas y 123 columnas
2025-05-29 15:39:04,393 - INFO - Archivo combinado guardado como: C:\Users\saule\Desktop\Pipeline\UltimoHadidMayo\SP500_INDEX_Analisis\data\1_preprocess\MERGEDEXCELS.xlsx en 8.25s
2025-05-29 15:39:04,397 - INFO - Proceso completo en 19.39s
