2025-06-05 13:54:13,140 - INFO - === INICIANDO PROCESO DE COMBINACIÓN DE ARCHIVOS EXCEL ===
2025-06-05 13:54:13,160 - INFO - Se encontraron 6 archivos Excel en la carpeta.
2025-06-05 13:54:13,160 - INFO - Cargando archivo: datos_banco_republica_procesados.xlsx
2025-06-05 13:54:18,085 - INFO - Archivo datos_banco_republica_procesados.xlsx cargado en 4.93s con 23850 filas.
2025-06-05 13:54:18,088 - INFO - Archivo datos_banco_republica_procesados.xlsx cargado correctamente con 23850 filas
2025-06-05 13:54:18,211 - INFO - Después de filtrar por fecha: 4156 filas
2025-06-05 13:54:18,211 - INFO - Cargando archivo: datos_dane_exportaciones_procesadas.xlsx
2025-06-05 13:54:19,103 - INFO - Archivo datos_dane_exportaciones_procesadas.xlsx cargado en 0.89s con 12114 filas.
2025-06-05 13:54:19,104 - INFO - Archivo datos_dane_exportaciones_procesadas.xlsx cargado correctamente con 12114 filas
2025-06-05 13:54:19,123 - WARNING - No se encontró data para la fecha base 2025-03-26 en este archivo.
2025-06-05 13:54:19,123 - INFO - Después de filtrar por fecha: 4078 filas
2025-06-05 13:54:19,124 - INFO - Cargando archivo: datos_economicos_normales_procesados.xlsx
2025-06-05 13:54:23,377 - INFO - Archivo datos_economicos_normales_procesados.xlsx cargado en 4.25s con 4174 filas.
2025-06-05 13:54:23,378 - INFO - Archivo datos_economicos_normales_procesados.xlsx cargado correctamente con 4174 filas
2025-06-05 13:54:23,393 - INFO - Después de filtrar por fecha: 4169 filas
2025-06-05 13:54:23,394 - INFO - Cargando archivo: datos_economicos_other_procesados.xlsx
2025-06-05 13:54:27,007 - INFO - Archivo datos_economicos_other_procesados.xlsx cargado en 3.61s con 8706 filas.
2025-06-05 13:54:27,008 - INFO - Archivo datos_economicos_other_procesados.xlsx cargado correctamente con 8706 filas
2025-06-05 13:54:27,021 - INFO - Después de filtrar por fecha: 4169 filas
2025-06-05 13:54:27,022 - INFO - Cargando archivo: datos_economicos_procesados_cp.xlsx
2025-06-05 13:54:29,050 - INFO - Archivo datos_economicos_procesados_cp.xlsx cargado en 2.03s con 4172 filas.
2025-06-05 13:54:29,051 - INFO - Archivo datos_economicos_procesados_cp.xlsx cargado correctamente con 4172 filas
2025-06-05 13:54:29,058 - INFO - Después de filtrar por fecha: 4168 filas
2025-06-05 13:54:29,059 - INFO - Cargando archivo: datos_economicos_procesados_Fred.xlsx
2025-06-05 13:54:31,284 - INFO - Archivo datos_economicos_procesados_Fred.xlsx cargado en 2.22s con 4174 filas.
2025-06-05 13:54:31,285 - INFO - Archivo datos_economicos_procesados_Fred.xlsx cargado correctamente con 4174 filas
2025-06-05 13:54:31,300 - INFO - Después de filtrar por fecha: 4169 filas
2025-06-05 13:54:31,301 - INFO - Combinando DataFrame 1 con el resultado (4156 filas + 4078 filas)...
2025-06-05 13:54:31,310 - INFO - Combinando DataFrame 2 con el resultado (4156 filas + 4169 filas)...
2025-06-05 13:54:31,334 - INFO - Combinando DataFrame 3 con el resultado (4169 filas + 4169 filas)...
2025-06-05 13:54:31,354 - INFO - Combinando DataFrame 4 con el resultado (4169 filas + 4168 filas)...
2025-06-05 13:54:31,374 - INFO - Combinando DataFrame 5 con el resultado (4169 filas + 4169 filas)...
2025-06-05 13:54:31,395 - INFO - Merge completado en 0.09s: 4169 filas, 130 columnas.
2025-06-05 13:54:31,414 - INFO - Combinación exitosa. Resultado tiene 4169 filas y 130 columnas
2025-06-05 13:54:31,515 - INFO - Forward fill aplicado y fechas normalizadas desde 2014-01-01 hasta 2025-05-31
2025-06-05 13:54:31,515 - INFO - Combinación exitosa. Resultado tiene 4169 filas y 130 columnas
2025-06-05 13:54:52,607 - INFO - Archivo combinado guardado como: C:\Users\saule\Desktop\Pipeline\UltimoHadidMayo\SP500_INDEX_Analisis\data\1_preprocess\MERGEDEXCELS.xlsx en 21.09s
2025-06-05 13:54:52,617 - INFO - Proceso completo en 39.47s
