2025-05-21 14:02:37,217 - INFO - === INICIANDO PROCESO DE COMBINACIÓN DE ARCHIVOS EXCEL ===
2025-05-21 14:02:37,232 - INFO - Se encontraron 4 archivos Excel en la carpeta.
2025-05-21 14:02:37,232 - INFO - Cargando archivo: datos_economicos_normales_procesados.xlsx
2025-05-21 14:02:41,012 - INFO - Archivo datos_economicos_normales_procesados.xlsx cargado en 3.78s con 4157 filas.
2025-05-21 14:02:41,012 - INFO - Archivo datos_economicos_normales_procesados.xlsx cargado correctamente con 4157 filas
2025-05-21 14:02:41,072 - INFO - Después de filtrar por fecha: 4135 filas
2025-05-21 14:02:41,072 - INFO - Cargando archivo: datos_economicos_other_procesados.xlsx
2025-05-21 14:02:41,912 - INFO - Archivo datos_economicos_other_procesados.xlsx cargado en 0.84s con 8675 filas.
2025-05-21 14:02:41,912 - INFO - Archivo datos_economicos_other_procesados.xlsx cargado correctamente con 8675 filas
2025-05-21 14:02:41,952 - INFO - Después de filtrar por fecha: 4135 filas
2025-05-21 14:02:41,953 - INFO - Cargando archivo: datos_economicos_procesados_cp.xlsx
2025-05-21 14:02:43,248 - INFO - Archivo datos_economicos_procesados_cp.xlsx cargado en 1.30s con 4203 filas.
2025-05-21 14:02:43,254 - INFO - Archivo datos_economicos_procesados_cp.xlsx cargado correctamente con 4203 filas
2025-05-21 14:02:43,265 - INFO - Después de filtrar por fecha: 4135 filas
2025-05-21 14:02:43,265 - INFO - Cargando archivo: datos_economicos_procesados_Fred.xlsx
2025-05-21 14:02:45,635 - INFO - Archivo datos_economicos_procesados_Fred.xlsx cargado en 2.37s con 4140 filas.
2025-05-21 14:02:45,635 - INFO - Archivo datos_economicos_procesados_Fred.xlsx cargado correctamente con 4140 filas
2025-05-21 14:02:45,650 - INFO - Después de filtrar por fecha: 4135 filas
2025-05-21 14:02:45,650 - INFO - Combinando DataFrame 1 con el resultado (4135 filas + 4135 filas)...
2025-05-21 14:02:45,669 - INFO - Combinando DataFrame 2 con el resultado (4135 filas + 4135 filas)...
2025-05-21 14:02:45,682 - INFO - Combinando DataFrame 3 con el resultado (4135 filas + 4135 filas)...
2025-05-21 14:02:45,699 - INFO - Merge completado en 0.05s: 4135 filas, 102 columnas.
2025-05-21 14:02:45,724 - INFO - Combinación exitosa. Resultado tiene 4135 filas y 102 columnas
2025-05-21 14:02:57,243 - INFO - Archivo combinado guardado como: C:\Users\saule\Desktop\Pipeline\UltimoHadid.exe\SP500_INDEX_Analisis\data\1_preprocess\MERGEDEXCELS.xlsx en 11.52s
2025-05-21 14:02:57,254 - INFO - Proceso completo en 20.03s
