2025-05-05 11:26:51,252 - INFO - === INICIANDO PROCESO DE COMBINACIÓN DE ARCHIVOS EXCEL ===
2025-05-05 11:26:51,268 - INFO - Se encontraron 4 archivos Excel en la carpeta.
2025-05-05 11:26:51,268 - INFO - Cargando archivo: datos_economicos_normales_procesados.xlsx
2025-05-05 11:26:54,597 - INFO - Archivo datos_economicos_normales_procesados.xlsx cargado en 3.33s con 4140 filas.
2025-05-05 11:26:54,598 - INFO - Archivo datos_economicos_normales_procesados.xlsx cargado correctamente con 4140 filas
2025-05-05 11:26:54,625 - INFO - Después de filtrar por fecha: 4104 filas
2025-05-05 11:26:54,626 - INFO - Cargando archivo: datos_economicos_other_procesados.xlsx
2025-05-05 11:26:56,648 - INFO - Archivo datos_economicos_other_procesados.xlsx cargado en 2.02s con 8675 filas.
2025-05-05 11:26:56,650 - INFO - Archivo datos_economicos_other_procesados.xlsx cargado correctamente con 8675 filas
2025-05-05 11:26:56,662 - INFO - Después de filtrar por fecha: 4104 filas
2025-05-05 11:26:56,663 - INFO - Cargando archivo: datos_economicos_procesados_cp.xlsx
2025-05-05 11:26:58,560 - INFO - Archivo datos_economicos_procesados_cp.xlsx cargado en 1.90s con 4404 filas.
2025-05-05 11:26:58,560 - INFO - Archivo datos_economicos_procesados_cp.xlsx cargado correctamente con 4404 filas
2025-05-05 11:26:58,575 - INFO - Después de filtrar por fecha: 4104 filas
2025-05-05 11:26:58,576 - INFO - Cargando archivo: datos_economicos_procesados_Fred.xlsx
2025-05-05 11:27:01,404 - INFO - Archivo datos_economicos_procesados_Fred.xlsx cargado en 2.83s con 4140 filas.
2025-05-05 11:27:01,405 - INFO - Archivo datos_economicos_procesados_Fred.xlsx cargado correctamente con 4140 filas
2025-05-05 11:27:01,420 - INFO - Después de filtrar por fecha: 4104 filas
2025-05-05 11:27:01,421 - INFO - Combinando DataFrame 1 con el resultado (4104 filas + 4104 filas)...
2025-05-05 11:27:01,430 - INFO - Combinando DataFrame 2 con el resultado (4104 filas + 4104 filas)...
2025-05-05 11:27:01,441 - INFO - Combinando DataFrame 3 con el resultado (4104 filas + 4104 filas)...
2025-05-05 11:27:01,459 - INFO - Merge completado en 0.04s: 4104 filas, 97 columnas.
2025-05-05 11:27:01,475 - INFO - Combinación exitosa. Resultado tiene 4104 filas y 97 columnas
2025-05-05 11:27:22,515 - INFO - Archivo combinado guardado como: C:\Users\saule\Desktop\Pipeline\Pipeline_Mayo\SP500_INDEX_Analisis\data\1_preprocess\MERGEDEXCELS.xlsx en 21.04s
2025-05-05 11:27:22,523 - INFO - Proceso completo en 31.27s
