2025-05-15 11:09:31,840 - INFO - === INICIANDO PROCESO DE COMBINACIÓN DE ARCHIVOS EXCEL ===
2025-05-15 11:09:31,862 - INFO - Se encontraron 4 archivos Excel en la carpeta.
2025-05-15 11:09:31,862 - INFO - Cargando archivo: datos_economicos_normales_procesados.xlsx
2025-05-15 11:09:36,356 - INFO - Archivo datos_economicos_normales_procesados.xlsx cargado en 4.49s con 4153 filas.
2025-05-15 11:09:36,356 - INFO - Archivo datos_economicos_normales_procesados.xlsx cargado correctamente con 4153 filas
2025-05-15 11:09:36,422 - INFO - Después de filtrar por fecha: 4073 filas
2025-05-15 11:09:36,423 - INFO - Cargando archivo: datos_economicos_other_procesados.xlsx
2025-05-15 11:09:37,472 - INFO - Archivo datos_economicos_other_procesados.xlsx cargado en 1.05s con 8675 filas.
2025-05-15 11:09:37,472 - INFO - Archivo datos_economicos_other_procesados.xlsx cargado correctamente con 8675 filas
2025-05-15 11:09:37,489 - INFO - Después de filtrar por fecha: 4073 filas
2025-05-15 11:09:37,489 - INFO - Cargando archivo: datos_economicos_procesados_cp.xlsx
2025-05-15 11:09:38,866 - INFO - Archivo datos_economicos_procesados_cp.xlsx cargado en 1.38s con 4203 filas.
2025-05-15 11:09:38,868 - INFO - Archivo datos_economicos_procesados_cp.xlsx cargado correctamente con 4203 filas
2025-05-15 11:09:38,889 - INFO - Después de filtrar por fecha: 4073 filas
2025-05-15 11:09:38,889 - INFO - Cargando archivo: datos_economicos_procesados_Fred.xlsx
2025-05-15 11:09:41,423 - INFO - Archivo datos_economicos_procesados_Fred.xlsx cargado en 2.53s con 4140 filas.
2025-05-15 11:09:41,424 - INFO - Archivo datos_economicos_procesados_Fred.xlsx cargado correctamente con 4140 filas
2025-05-15 11:09:41,438 - INFO - Después de filtrar por fecha: 4073 filas
2025-05-15 11:09:41,438 - INFO - Combinando DataFrame 1 con el resultado (4073 filas + 4073 filas)...
2025-05-15 11:09:41,454 - INFO - Combinando DataFrame 2 con el resultado (4073 filas + 4073 filas)...
2025-05-15 11:09:41,465 - INFO - Combinando DataFrame 3 con el resultado (4073 filas + 4073 filas)...
2025-05-15 11:09:41,481 - INFO - Merge completado en 0.04s: 4073 filas, 90 columnas.
2025-05-15 11:09:41,503 - INFO - Combinación exitosa. Resultado tiene 4073 filas y 90 columnas
2025-05-15 11:10:00,852 - INFO - Archivo combinado guardado como: C:\Users\saule\Desktop\Pipeline\Mayo3\SP500_INDEX_Analisis\data\1_preprocess\MERGEDEXCELS.xlsx en 19.35s
2025-05-15 11:10:00,862 - INFO - Proceso completo en 29.02s
