2025-05-22 11:38:11,164 - INFO - === INICIANDO PROCESO DE COMBINACIÓN DE ARCHIVOS EXCEL ===
2025-05-22 11:38:11,169 - INFO - Se encontraron 5 archivos Excel en la carpeta.
2025-05-22 11:38:11,169 - INFO - Cargando archivo: datos_banco_republica_procesados.xlsx
2025-05-22 11:38:13,054 - INFO - Archivo datos_banco_republica_procesados.xlsx cargado en 1.89s con 23850 filas.
2025-05-22 11:38:13,054 - INFO - Archivo datos_banco_republica_procesados.xlsx cargado correctamente con 23850 filas
2025-05-22 11:38:13,075 - INFO - Después de filtrar por fecha: 4135 filas
2025-05-22 11:38:13,075 - INFO - Cargando archivo: datos_economicos_normales_procesados.xlsx
2025-05-22 11:38:14,914 - INFO - Archivo datos_economicos_normales_procesados.xlsx cargado en 1.84s con 4157 filas.
2025-05-22 11:38:14,916 - INFO - Archivo datos_economicos_normales_procesados.xlsx cargado correctamente con 4157 filas
2025-05-22 11:38:14,925 - INFO - Después de filtrar por fecha: 4135 filas
2025-05-22 11:38:14,926 - INFO - Cargando archivo: datos_economicos_other_procesados.xlsx
2025-05-22 11:38:15,433 - INFO - Archivo datos_economicos_other_procesados.xlsx cargado en 0.52s con 8675 filas.
2025-05-22 11:38:15,433 - INFO - Archivo datos_economicos_other_procesados.xlsx cargado correctamente con 8675 filas
2025-05-22 11:38:15,453 - INFO - Después de filtrar por fecha: 4135 filas
2025-05-22 11:38:15,453 - INFO - Cargando archivo: datos_economicos_procesados_cp.xlsx
2025-05-22 11:38:16,333 - INFO - Archivo datos_economicos_procesados_cp.xlsx cargado en 0.88s con 4214 filas.
2025-05-22 11:38:16,333 - INFO - Archivo datos_economicos_procesados_cp.xlsx cargado correctamente con 4214 filas
2025-05-22 11:38:16,345 - INFO - Después de filtrar por fecha: 4135 filas
2025-05-22 11:38:16,345 - INFO - Cargando archivo: datos_economicos_procesados_Fred.xlsx
2025-05-22 11:38:17,665 - INFO - Archivo datos_economicos_procesados_Fred.xlsx cargado en 1.32s con 4153 filas.
2025-05-22 11:38:17,665 - INFO - Archivo datos_economicos_procesados_Fred.xlsx cargado correctamente con 4153 filas
2025-05-22 11:38:17,675 - INFO - Después de filtrar por fecha: 4135 filas
2025-05-22 11:38:17,675 - INFO - Combinando DataFrame 1 con el resultado (4135 filas + 4135 filas)...
2025-05-22 11:38:17,680 - INFO - Combinando DataFrame 2 con el resultado (4135 filas + 4135 filas)...
2025-05-22 11:38:17,685 - INFO - Combinando DataFrame 3 con el resultado (4135 filas + 4135 filas)...
2025-05-22 11:38:17,690 - INFO - Combinando DataFrame 4 con el resultado (4135 filas + 4135 filas)...
2025-05-22 11:38:17,700 - INFO - Merge completado en 0.02s: 4135 filas, 113 columnas.
2025-05-22 11:38:17,712 - INFO - Combinación exitosa. Resultado tiene 4135 filas y 113 columnas
2025-05-22 11:38:25,416 - INFO - Archivo combinado guardado como: C:\Users\saule\Desktop\Pipeline\UltimoHadid.exe\SP500_INDEX_Analisis\data\1_preprocess\MERGEDEXCELS.xlsx en 7.71s
2025-05-22 11:38:25,435 - INFO - Proceso completo en 14.26s
